    Checking cgp-error-messages-example v0.1.0 (/home/soares/development/cgp-error-improvement/examples)
error[E0277]: the trait bound `Rectangle: CanUseComponent<...>` is not satisfied
  --> examples/src/density_3.rs:66:9
   |
66 |         AreaCalculatorComponent,
   |         ^^^^^^^^^^^^^^^^^^^^^^^ unsatisfied trait bound
   |
help: the trait `cgp::prelude::HasField<Symbol<6, cgp::prelude::Chars<'h', cgp::prelude::Chars<'e', cgp::prelude::Chars<'i', cgp::prelude::Chars<'g', cgp::prelude::Chars<'h', cgp::prelude::Chars<'t', Nil>>>>>>>>` is not implemented for `Rectangle`
  --> examples/src/density_3.rs:46:1
   |
46 | pub struct Rectangle {
   | ^^^^^^^^^^^^^^^^^^^^
help: the following other types implement trait `cgp::prelude::HasField<Tag>`
  --> examples/src/density_3.rs:45:10
   |
45 | #[derive(HasField)]
   |          ^^^^^^^^
   |          |
   |          `Rectangle` implements `HasField<Symbol<4, Chars<'m', ...>>>`
   |          `Rectangle` implements `HasField<Symbol<5, Chars<'w', ...>>>`
note: required for `Rectangle` to implement `HasRectangleFields`
  --> examples/src/density_3.rs:13:1
   |
13 | #[cgp_auto_getter]
   | ^^^^^^^^^^^^^^^^^^
14 | pub trait HasRectangleFields {
   |           ^^^^^^^^^^^^^^^^^^
note: required for `RectangleArea` to implement `IsProviderFor<AreaCalculatorComponent, ...>`
  --> examples/src/density_3.rs:25:1
   |
25 | #[cgp_impl(new RectangleArea)]
   | ^^^^^^^^^^^^^^^^^^^^^^^^^^^^^^
...
28 |     Self: HasRectangleFields,
   |           ------------------ unsatisfied trait bound introduced here
   = note: required for `Rectangle` to implement `cgp::prelude::CanUseComponent<AreaCalculatorComponent>`
note: required by a bound in `CanUseRectangle`
  --> examples/src/density_3.rs:64:1
   |
64 | / check_components! {
65 | |     CanUseRectangle for Rectangle {
66 | |         AreaCalculatorComponent,
67 | |         DensityCalculatorComponent,
68 | |     }
69 | | }
   | |_^ required by this bound in `CanUseRectangle`
   = note: the full name for the type has been written to '/home/soares/development/cgp-error-improvement/target/debug/deps/cgp_error_messages_example-8e13d63a65e6d8bf.long-type-15360608572352505171.txt'
   = note: consider using `--verbose` to print the full type name to the console
   = note: this error originates in the derive macro `HasField` which comes from the expansion of the macro `check_components` (in Nightly builds, run with -Z macro-backtrace for more info)

error[E0277]: the trait bound `RectangleArea: AreaCalculator<Rectangle>` is not satisfied
  --> examples/src/density_3.rs:67:9
   |
67 |         DensityCalculatorComponent,
   |         ^^^^^^^^^^^^^^^^^^^^^^^^^^ unsatisfied trait bound
   |
help: the trait `AreaCalculator<Rectangle>` is not implemented for `RectangleArea`
  --> examples/src/density_3.rs:25:1
   |
25 | #[cgp_impl(new RectangleArea)]
   | ^^^^^^^^^^^^^^^^^^^^^^^^^^^^
help: the trait `AreaCalculator<__Context__>` is implemented for `RectangleArea`
  --> examples/src/density_3.rs:25:1
   |
25 | #[cgp_impl(new RectangleArea)]
   | ^^^^^^^^^^^^^^^^^^^^^^^^^^^^^^
note: required for `Rectangle` to implement `CanCalculateArea`
  --> examples/src/density_3.rs:3:1
   |
 3 | #[cgp_component(AreaCalculator)]
   | ^^^^^^^^^^^^^^^^^^^^^^^^^^^^^^^^
note: required for `DensityFromMassField` to implement `IsProviderFor<DensityCalculatorComponent, ...>`
  --> examples/src/density_3.rs:35:1
   |
35 | #[cgp_impl(new DensityFromMassField)]
   | ^^^^^^^^^^^^^^^^^^^^^^^^^^^^^^^^^^^^^
...
38 |     Self: CanCalculateArea + HasMass,
   |           ---------------- unsatisfied trait bound introduced here
   = note: required for `Rectangle` to implement `CanUseComponent<DensityCalculatorComponent>`
note: required by a bound in `CanUseRectangle`
  --> examples/src/density_3.rs:64:1
   |
64 | / check_components! {
65 | |     CanUseRectangle for Rectangle {
66 | |         AreaCalculatorComponent,
67 | |         DensityCalculatorComponent,
68 | |     }
69 | | }
   | |_^ required by this bound in `CanUseRectangle`
   = note: the full name for the type has been written to '/home/soares/development/cgp-error-improvement/target/debug/deps/cgp_error_messages_example-8e13d63a65e6d8bf.long-type-15048419274149521684.txt'
   = note: consider using `--verbose` to print the full type name to the console
   = note: this error originates in the attribute macro `cgp_impl` which comes from the expansion of the macro `check_components` (in Nightly builds, run with -Z macro-backtrace for more info)

For more information about this error, try `rustc --explain E0277`.
error: could not compile `cgp-error-messages-example` (lib) due to 2 previous errors
