error[E0277]: the trait bound `ScaledArea<RectangleArea>: AreaCalculator<Rectangle>` is not satisfied
  --> src/density_2.rs:80:9
   |
80 |         DensityCalculatorComponent,
   |         ^^^^^^^^^^^^^^^^^^^^^^^^^^ unsatisfied trait bound
   |
help: the trait `density_2::AreaCalculator<density_2::Rectangle>` is not implemented for `density_2::ScaledArea<density_2::RectangleArea>`
  --> src/density_2.rs:35:1
   |
35 | #[cgp_impl(new ScaledArea<InnerCalculator>)]
   | ^^^^^^^^^^^^^^^^^^^^^^^^^
help: the trait `density_2::AreaCalculator<__Context__>` is implemented for `density_2::ScaledArea<InnerCalculator>`
  --> src/density_2.rs:35:1
   |
35 | #[cgp_impl(new ScaledArea<InnerCalculator>)]
   | ^^^^^^^^^^^^^^^^^^^^^^^^^^^^^^^^^^^^^^^^^^^^
note: required for `density_2::Rectangle` to implement `density_2::CanCalculateArea`
  --> src/density_2.rs:3:1
   |
 3 | #[cgp_component(AreaCalculator)]
   | ^^^^^^^^^^^^^^^^^^^^^^^^^^^^^^^^
note: required for `density_2::DensityFromMassField` to implement `cgp::prelude::IsProviderFor<density_2::DensityCalculatorComponent, density_2::Rectangle>`
  --> src/density_2.rs:51:1
   |
51 | #[cgp_impl(new DensityFromMassField)]
   | ^^^^^^^^^^^^^^^^^^^^^^^^^^^^^^^^^^^^^
...
54 |     Self: CanCalculateArea + HasMass,
   |           ---------------- unsatisfied trait bound introduced here
   = note: required for `density_2::Rectangle` to implement `cgp::prelude::CanUseComponent<density_2::DensityCalculatorComponent>`
note: required by a bound in `density_2::CanUseRectangle`
  --> src/density_2.rs:78:1
   |
78 | / check_components! {
79 | |     CanUseRectangle for Rectangle {
80 | |         DensityCalculatorComponent,
81 | |     }
82 | | }
   | |_^ required by this bound in `CanUseRectangle`
   = note: the full name for the type has been written to '/home/soares/development/cgp-error-improvement/examples/target/debug/deps/cgp_error_messages_example-efe67a582b6d757e.long-type-9937428971053717899.txt'
   = note: consider using `--verbose` to print the full type name to the console
   = note: this error originates in the attribute macro `cgp_impl` which comes from the expansion of the macro `check_components` (in Nightly builds, run with -Z macro-backtrace for more info)

error[E0277]: the trait bound `ScaledArea<RectangleArea>: AreaCalculator<Rectangle>` is not satisfied
  --> src/density_2.rs:80:9
   |
80 |         DensityCalculatorComponent,
   |         ^^^^^^^^^^^^^^^^^^^^^^^^^^ unsatisfied trait bound
   |
help: the trait `density_2::AreaCalculator<density_2::Rectangle>` is not implemented for `density_2::ScaledArea<density_2::RectangleArea>`
  --> src/density_2.rs:35:1
   |
35 | #[cgp_impl(new ScaledArea<InnerCalculator>)]
   | ^^^^^^^^^^^^^^^^^^^^^^^^^
help: the trait `density_2::AreaCalculator<__Context__>` is implemented for `density_2::ScaledArea<InnerCalculator>`
  --> src/density_2.rs:35:1
   |
35 | #[cgp_impl(new ScaledArea<InnerCalculator>)]
   | ^^^^^^^^^^^^^^^^^^^^^^^^^^^^^^^^^^^^^^^^^^^^
note: required for `density_2::Rectangle` to implement `density_2::CanCalculateArea`
  --> src/density_2.rs:3:1
   |
 3 | #[cgp_component(AreaCalculator)]
   | ^^^^^^^^^^^^^^^^^^^^^^^^^^^^^^^^
note: required for `density_2::DensityFromMassField` to implement `cgp::prelude::IsProviderFor<density_2::DensityCalculatorComponent, density_2::Rectangle>`
  --> src/density_2.rs:51:1
   |
51 | #[cgp_impl(new DensityFromMassField)]
   | ^^^^^^^^^^^^^^^^^^^^^^^^^^^^^^^^^^^^^
...
54 |     Self: CanCalculateArea + HasMass,
   |           ---------------- unsatisfied trait bound introduced here
   = note: required for `density_2::Rectangle` to implement `cgp::prelude::CanUseComponent<density_2::DensityCalculatorComponent>`
note: required by a bound in `density_2::CanUseRectangle`
  --> src/density_2.rs:78:1
   |
78 | / check_components! {
79 | |     CanUseRectangle for Rectangle {
80 | |         DensityCalculatorComponent,
81 | |     }
82 | | }
   | |_^ required by this bound in `CanUseRectangle`
   = note: the full name for the type has been written to '/home/soares/development/cgp-error-improvement/examples/target/debug/deps/cgp_error_messages_example-4112920cd6086987.long-type-13849321884650952863.txt'
   = note: consider using `--verbose` to print the full type name to the console
   = note: this error originates in the attribute macro `cgp_impl` which comes from the expansion of the macro `check_components` (in Nightly builds, run with -Z macro-backtrace for more info)

