error[E0277]: the trait bound `scaled_area::RectangleArea: scaled_area::AreaCalculator<scaled_area::Rectangle>` is not satisfied
  --> src/scaled_area.rs:58:9
   |
58 |         AreaCalculatorComponent,
   |         ^^^^^^^^^^^^^^^^^^^^^^^ unsatisfied trait bound
   |
help: the trait `scaled_area::AreaCalculator<scaled_area::Rectangle>` is not implemented for `scaled_area::RectangleArea`
  --> src/scaled_area.rs:15:1
   |
15 | #[cgp_impl(new RectangleArea)]
   | ^^^^^^^^^^^^^^^^^^^^^^^^^^^^
help: the trait `scaled_area::AreaCalculator<__Context__>` is implemented for `scaled_area::RectangleArea`
  --> src/scaled_area.rs:15:1
   |
15 | #[cgp_impl(new RectangleArea)]
   | ^^^^^^^^^^^^^^^^^^^^^^^^^^^^^^
note: required for `ScaledArea<scaled_area::RectangleArea>` to implement `cgp::prelude::IsProviderFor<scaled_area::AreaCalculatorComponent, scaled_area::Rectangle>`
  --> src/scaled_area.rs:30:1
   |
30 | #[cgp_impl(new ScaledArea<InnerCalculator>)]
   | ^^^^^^^^^^^^^^^^^^^^^^^^^^^^^^^^^^^^^^^^^^^^
...
34 |     InnerCalculator: AreaCalculator<Self>,
   |                      -------------------- unsatisfied trait bound introduced here
   = note: required for `scaled_area::Rectangle` to implement `cgp::prelude::CanUseComponent<scaled_area::AreaCalculatorComponent>`
note: required by a bound in `scaled_area::CanUseRectangle`
  --> src/scaled_area.rs:56:1
   |
56 | / check_components! {
57 | |     CanUseRectangle for Rectangle {
58 | |         AreaCalculatorComponent,
59 | |     }
60 | | }
   | |_^ required by this bound in `CanUseRectangle`
   = note: this error originates in the attribute macro `cgp_impl` which comes from the expansion of the macro `check_components` (in Nightly builds, run with -Z macro-backtrace for more info)


error[E0277]: the trait bound `scaled_area::Rectangle: cgp::prelude::CanUseComponent<scaled_area::AreaCalculatorComponent>` is not satisfied
  --> src/scaled_area.rs:58:9
   |
58 |         AreaCalculatorComponent,
   |         ^^^^^^^^^^^^^^^^^^^^^^^ unsatisfied trait bound
   |
help: the trait `cgp::prelude::HasField<Symbol<6, cgp::prelude::Chars<'h', cgp::prelude::Chars<'e', cgp::prelude::Chars<'i', cgp::prelude::Chars<'g', cgp::prelude::Chars<'h', cgp::prelude::Chars<'t', Nil>>>>>>>>` is not implemented for `scaled_area::Rectangle`
  --> src/scaled_area.rs:42:1
   |
42 | pub struct Rectangle {
   | ^^^^^^^^^^^^^^^^^^^^
help: the following other types implement trait `cgp::prelude::HasField<Tag>`
  --> src/scaled_area.rs:41:10
   |
41 | #[derive(HasField)]
   |          ^^^^^^^^
   |          |
   |          `scaled_area::Rectangle` implements `HasField<Symbol<12, Chars<'s', Chars<'c', Chars<'a', ...>>>>>`
   |          `scaled_area::Rectangle` implements `HasField<Symbol<5, Chars<'w', Chars<'i', Chars<'d', ...>>>>>`
note: required for `scaled_area::Rectangle` to implement `scaled_area::HasRectangleFields`
  --> src/scaled_area.rs:8:1
   |
 8 | #[cgp_auto_getter]
   | ^^^^^^^^^^^^^^^^^^
 9 | pub trait HasRectangleFields {
   |           ^^^^^^^^^^^^^^^^^^
note: required for `scaled_area::RectangleArea` to implement `cgp::prelude::IsProviderFor<scaled_area::AreaCalculatorComponent, scaled_area::Rectangle>`
  --> src/scaled_area.rs:15:1
   |
15 | #[cgp_impl(new RectangleArea)]
   | ^^^^^^^^^^^^^^^^^^^^^^^^^^^^^^
...
18 |     Self: HasRectangleFields,
   |           ------------------ unsatisfied trait bound introduced here
   = note: 1 redundant requirement hidden
   = note: required for `ScaledArea<scaled_area::RectangleArea>` to implement `cgp::prelude::IsProviderFor<scaled_area::AreaCalculatorComponent, scaled_area::Rectangle>`
   = note: required for `scaled_area::Rectangle` to implement `cgp::prelude::CanUseComponent<scaled_area::AreaCalculatorComponent>`
note: required by a bound in `scaled_area::CanUseRectangle`
  --> src/scaled_area.rs:56:1
   |
56 | / check_components! {
57 | |     CanUseRectangle for Rectangle {
58 | |         AreaCalculatorComponent,
59 | |     }
60 | | }
   | |_^ required by this bound in `CanUseRectangle`
   = note: the full name for the type has been written to '/home/soares/development/cgp-error-improvement/examples/target/debug/deps/cgp_error_messages_example-efe67a582b6d757e.long-type-11664581603663783650.txt'
   = note: consider using `--verbose` to print the full type name to the console
   = note: this error originates in the derive macro `HasField` which comes from the expansion of the macro `check_components` (in Nightly builds, run with -Z macro-backtrace for more info)


error[E0277]: the trait bound `scaled_area::Rectangle: cgp::prelude::CanUseComponent<scaled_area::AreaCalculatorComponent>` is not satisfied
  --> src/scaled_area.rs:58:9
   |
58 |         AreaCalculatorComponent,
   |         ^^^^^^^^^^^^^^^^^^^^^^^ unsatisfied trait bound
   |
help: the trait `cgp::prelude::HasField<Symbol<6, cgp::prelude::Chars<'h', cgp::prelude::Chars<'e', cgp::prelude::Chars<'i', cgp::prelude::Chars<'g', cgp::prelude::Chars<'h', cgp::prelude::Chars<'t', Nil>>>>>>>>` is not implemented for `scaled_area::Rectangle`
  --> src/scaled_area.rs:42:1
   |
42 | pub struct Rectangle {
   | ^^^^^^^^^^^^^^^^^^^^
help: the following other types implement trait `cgp::prelude::HasField<Tag>`
  --> src/scaled_area.rs:41:10
   |
41 | #[derive(HasField)]
   |          ^^^^^^^^
   |          |
   |          `scaled_area::Rectangle` implements `HasField<Symbol<12, Chars<'s', Chars<'c', Chars<'a', ...>>>>>`
   |          `scaled_area::Rectangle` implements `HasField<Symbol<5, Chars<'w', Chars<'i', Chars<'d', ...>>>>>`
note: required for `scaled_area::Rectangle` to implement `scaled_area::HasRectangleFields`
  --> src/scaled_area.rs:8:1
   |
 8 | #[cgp_auto_getter]
   | ^^^^^^^^^^^^^^^^^^
 9 | pub trait HasRectangleFields {
   |           ^^^^^^^^^^^^^^^^^^
note: required for `scaled_area::RectangleArea` to implement `cgp::prelude::IsProviderFor<scaled_area::AreaCalculatorComponent, scaled_area::Rectangle>`
  --> src/scaled_area.rs:15:1
   |
15 | #[cgp_impl(new RectangleArea)]
   | ^^^^^^^^^^^^^^^^^^^^^^^^^^^^^^
...
18 |     Self: HasRectangleFields,
   |           ------------------ unsatisfied trait bound introduced here
   = note: 1 redundant requirement hidden
   = note: required for `ScaledArea<scaled_area::RectangleArea>` to implement `cgp::prelude::IsProviderFor<scaled_area::AreaCalculatorComponent, scaled_area::Rectangle>`
   = note: required for `scaled_area::Rectangle` to implement `cgp::prelude::CanUseComponent<scaled_area::AreaCalculatorComponent>`
note: required by a bound in `scaled_area::CanUseRectangle`
  --> src/scaled_area.rs:56:1
   |
56 | / check_components! {
57 | |     CanUseRectangle for Rectangle {
58 | |         AreaCalculatorComponent,
59 | |     }
60 | | }
   | |_^ required by this bound in `CanUseRectangle`
   = note: the full name for the type has been written to '/home/soares/development/cgp-error-improvement/examples/target/debug/deps/cgp_error_messages_example-4112920cd6086987.long-type-2952791441835383685.txt'
   = note: consider using `--verbose` to print the full type name to the console
   = note: this error originates in the derive macro `HasField` which comes from the expansion of the macro `check_components` (in Nightly builds, run with -Z macro-backtrace for more info)

